2025-02-02 00:32:21 Loading main app package /usr/lib/obsidian/obsidian.asar
2025-02-02 00:32:21 Checking for update using Github
2025-02-02 00:32:21 Success.
2025-02-02 00:32:21 Latest version is 1.8.4
2025-02-02 00:32:21 App is up to date.
2025-03-19 22:38:42 Loading main app package /usr/lib/obsidian/obsidian.asar
2025-03-19 22:38:42 Checking for update using Github
2025-03-19 22:38:42 Success.
2025-03-19 22:38:42 Latest version is 1.8.9
2025-03-19 22:38:42 App is up to date.
2025-03-24 22:26:48 Loading main app package /usr/lib/obsidian/obsidian.asar
2025-03-24 22:26:48 Checking for update using Github
2025-03-24 22:26:48 Success.
2025-03-24 22:26:48 Latest version is 1.8.9
2025-03-24 22:26:48 App is up to date.
2025-03-25 00:57:08 Loading main app package /usr/lib/obsidian/obsidian.asar
2025-03-25 00:57:08 Checking for update using Github
2025-03-25 00:57:08 Success.
2025-03-25 00:57:08 Latest version is 1.8.9
2025-03-25 00:57:08 App is up to date.
2025-04-18 13:46:57 Loading main app package /usr/lib/obsidian/obsidian.asar
2025-04-18 13:46:58 Checking for update using Github
2025-04-18 13:46:58 Success.
2025-04-18 13:46:58 Latest version is 1.8.9
2025-04-18 13:46:58 App is up to date.
2025-04-18 14:29:28 Loading main app package /usr/lib/obsidian/obsidian.asar
2025-04-18 14:29:28 Checking for update using Github
2025-04-18 14:29:28 Success.
2025-04-18 14:29:28 Latest version is 1.8.9
2025-04-18 14:29:28 App is up to date.
2025-04-19 14:04:30 Loading main app package /usr/lib/obsidian/obsidian.asar
2025-04-19 14:04:30 Checking for update using Github
2025-04-19 14:04:31 Success.
2025-04-19 14:04:31 Latest version is 1.8.9
2025-04-19 14:04:31 App is up to date.
2025-04-19 15:04:28 Checking for update using Github
2025-04-19 15:04:28 Success.
2025-04-19 15:04:28 Latest version is 1.8.9
2025-04-19 15:04:28 App is up to date.
2025-07-28 22:42:12 Loading main app package /usr/lib/obsidian/obsidian.asar
2025-07-28 22:42:12 Checking for update using Github
2025-07-28 22:42:13 Success.
2025-07-28 22:42:13 Latest version is 1.8.10
2025-07-28 22:42:13 App is up to date.
2025-07-28 22:43:27 Loading main app package /usr/lib/obsidian/obsidian.asar
2025-07-28 22:43:28 Checking for update using Github
2025-07-28 22:43:28 Success.
2025-07-28 22:43:28 Latest version is 1.8.10
2025-07-28 22:43:28 App is up to date.
2025-07-28 22:59:39 Loading main app package /usr/lib/obsidian/obsidian.asar
2025-07-28 22:59:40 Checking for update using Github
2025-07-28 22:59:40 Success.
2025-07-28 22:59:40 Latest version is 1.8.10
2025-07-28 22:59:40 App is up to date.
2025-07-28 23:39:24 Loading main app package /usr/lib/obsidian/obsidian.asar
2025-07-28 23:39:24 Checking for update using Github
2025-07-28 23:39:24 Success.
2025-07-28 23:39:24 Latest version is 1.8.10
2025-07-28 23:39:24 App is up to date.
2025-07-29 00:02:47 Loading main app package /usr/lib/obsidian/obsidian.asar
2025-07-29 00:02:47 Checking for update using Github
2025-07-29 00:02:47 Success.
2025-07-29 00:02:47 Latest version is 1.8.10
2025-07-29 00:02:47 App is up to date.
2025-07-29 02:09:47 Loading main app package /usr/lib/obsidian/obsidian.asar
2025-07-29 02:09:47 Checking for update using Github
2025-07-29 02:09:47 Success.
2025-07-29 02:09:47 Latest version is 1.8.10
2025-07-29 02:09:47 App is up to date.
2025-07-29 03:07:41 Loading main app package /usr/lib/obsidian/obsidian.asar
2025-07-29 03:07:42 Checking for update using Github
2025-07-29 03:07:42 Success.
2025-07-29 03:07:42 Latest version is 1.8.10
2025-07-29 03:07:42 App is up to date.
2025-07-29 03:48:46 Loading main app package /usr/lib/obsidian/obsidian.asar
2025-07-29 03:48:47 Checking for update using Github
2025-07-29 03:48:47 Success.
2025-07-29 03:48:47 Latest version is 1.8.10
2025-07-29 03:48:47 App is up to date.
2025-08-12 05:45:43 Loading main app package /usr/lib/obsidian/obsidian.asar
2025-08-12 05:45:43 Checking for update using Github
2025-08-12 05:45:43 Success.
2025-08-12 05:45:43 Latest version is 1.8.10
2025-08-12 05:45:43 App is up to date.
